E:\MIS DOCUMENTOS\VISUAL STUDIO 2012\PROJECTS\PLANTILLAOPENGL01\PLANTILLAOPENGL01\DEBUG\MAIN.OBJ
E:\MIS DOCUMENTOS\VISUAL STUDIO 2012\PROJECTS\PLANTILLAOPENGL01\PLANTILLAOPENGL01\DEBUG\VC110.PDB
C:\USERS\GANON\DOCUMENTS\VISUAL STUDIO 2012\PROJECTS\USB\2016\PLANTILLAOPENGL01\PLANTILLAOPENGL01\DEBUG\MAIN.OBJ
C:\USERS\GANON\DOCUMENTS\VISUAL STUDIO 2012\PROJECTS\USB\2016\PLANTILLAOPENGL01\PLANTILLAOPENGL01\DEBUG\VC110.PDB
E:\MIS DOCUMENTOS\VISUAL STUDIO 2012\PROJECTS\PLANTILLAOPENGL01\DEBUG\PLANTILLAOPENGL01.ILK
E:\MIS DOCUMENTOS\VISUAL STUDIO 2012\PROJECTS\PLANTILLAOPENGL01\DEBUG\PLANTILLAOPENGL01.EXE
E:\MIS DOCUMENTOS\VISUAL STUDIO 2012\PROJECTS\PLANTILLAOPENGL01\DEBUG\PLANTILLAOPENGL01.PDB
C:\Users\Ganon\Documents\Visual Studio 2012\Projects\USB\2016\PlantillaOpenGL01\PlantillaOpenGL01\Debug\main.obj
C:\Users\Ganon\Documents\Visual Studio 2012\Projects\USB\2016\PlantillaOpenGL01\PlantillaOpenGL01\Debug\cl.command.1.tlog
C:\Users\Ganon\Documents\Visual Studio 2012\Projects\USB\2016\PlantillaOpenGL01\PlantillaOpenGL01\Debug\CL.read.1.tlog
C:\Users\Ganon\Documents\Visual Studio 2012\Projects\USB\2016\PlantillaOpenGL01\PlantillaOpenGL01\Debug\CL.write.1.tlog
C:\Users\Ganon\Documents\Visual Studio 2012\Projects\USB\2016\PlantillaOpenGL01\PlantillaOpenGL01\Debug\link-cvtres.read.1.tlog
C:\Users\Ganon\Documents\Visual Studio 2012\Projects\USB\2016\PlantillaOpenGL01\PlantillaOpenGL01\Debug\link-cvtres.write.1.tlog
C:\Users\Ganon\Documents\Visual Studio 2012\Projects\USB\2016\PlantillaOpenGL01\PlantillaOpenGL01\Debug\link-rc.read.1.tlog
C:\Users\Ganon\Documents\Visual Studio 2012\Projects\USB\2016\PlantillaOpenGL01\PlantillaOpenGL01\Debug\link-rc.write.1.tlog
C:\Users\Ganon\Documents\Visual Studio 2012\Projects\USB\2016\PlantillaOpenGL01\PlantillaOpenGL01\Debug\link.command.1.tlog
C:\Users\Ganon\Documents\Visual Studio 2012\Projects\USB\2016\PlantillaOpenGL01\PlantillaOpenGL01\Debug\link.read.1.tlog
C:\Users\Ganon\Documents\Visual Studio 2012\Projects\USB\2016\PlantillaOpenGL01\PlantillaOpenGL01\Debug\link.write.1.tlog
C:\Users\Ganon\Documents\Visual Studio 2012\Projects\USB\2016\PlantillaOpenGL01\PlantillaOpenGL01\Debug\vc110.idb
C:\Users\Ganon\Documents\Visual Studio 2012\Projects\USB\2016\PlantillaOpenGL01\PlantillaOpenGL01\Debug\vc110.pdb
C:\Users\Ganon\Documents\Visual Studio 2012\Projects\USB\2016\PlantillaOpenGL01\Debug\PlantillaOpenGL01.pdb
