Build started 23/4/2016 15:59:23.
     1>Project "E:\Mis Documentos\Visual Studio 2012\Projects\USB\2016\PlantillaOpenGL01\PlantillaOpenGL01\PlantillaOpenGL01.vcxproj" on node 2 (Build target(s)).
     1>ClCompile:
         C:\Program Files (x86)\Microsoft Visual Studio 11.0\VC\bin\CL.exe /c /IC:\dev\opengl\freeglut\include /I"C:\dev\opengl\glew-1.7.0\include" /ZI /nologo /W3 /WX- /Od /Oy- /D WIN32 /D _DEBUG /D _CONSOLE /D _UNICODE /D UNICODE /Gm /EHsc /RTC1 /MDd /GS /fp:precise /Zc:wchar_t /Zc:forScope /Fo"Debug\\" /Fd"Debug\vc110.pdb" /Gd /TP /analyze- /errorReport:prompt main.cpp
         main.cpp
     1>e:\mis documentos\visual studio 2012\projects\usb\2016\plantillaopengl01\plantillaopengl01\main.cpp(24): warning C4244: 'argument' : conversion from 'double' to 'GLfloat', possible loss of data
     1>e:\mis documentos\visual studio 2012\projects\usb\2016\plantillaopengl01\plantillaopengl01\main.cpp(31): warning C4305: 'argument' : truncation from 'double' to 'GLfloat'
     1>e:\mis documentos\visual studio 2012\projects\usb\2016\plantillaopengl01\plantillaopengl01\main.cpp(31): warning C4244: 'argument' : conversion from 'int' to 'GLfloat', possible loss of data
     1>e:\mis documentos\visual studio 2012\projects\usb\2016\plantillaopengl01\plantillaopengl01\main.cpp(32): warning C4305: 'argument' : truncation from 'double' to 'GLfloat'
     1>e:\mis documentos\visual studio 2012\projects\usb\2016\plantillaopengl01\plantillaopengl01\main.cpp(32): warning C4244: 'argument' : conversion from 'int' to 'GLfloat', possible loss of data
     1>e:\mis documentos\visual studio 2012\projects\usb\2016\plantillaopengl01\plantillaopengl01\main.cpp(34): warning C4244: 'argument' : conversion from 'int' to 'GLfloat', possible loss of data
     1>e:\mis documentos\visual studio 2012\projects\usb\2016\plantillaopengl01\plantillaopengl01\main.cpp(34): warning C4305: 'argument' : truncation from 'double' to 'GLfloat'
     1>e:\mis documentos\visual studio 2012\projects\usb\2016\plantillaopengl01\plantillaopengl01\main.cpp(35): warning C4244: 'argument' : conversion from 'int' to 'GLfloat', possible loss of data
     1>e:\mis documentos\visual studio 2012\projects\usb\2016\plantillaopengl01\plantillaopengl01\main.cpp(35): warning C4305: 'argument' : truncation from 'double' to 'GLfloat'
     1>e:\mis documentos\visual studio 2012\projects\usb\2016\plantillaopengl01\plantillaopengl01\main.cpp(37): warning C4305: 'argument' : truncation from 'double' to 'GLfloat'
     1>e:\mis documentos\visual studio 2012\projects\usb\2016\plantillaopengl01\plantillaopengl01\main.cpp(37): warning C4244: 'argument' : conversion from 'int' to 'GLfloat', possible loss of data
     1>e:\mis documentos\visual studio 2012\projects\usb\2016\plantillaopengl01\plantillaopengl01\main.cpp(38): warning C4305: 'argument' : truncation from 'double' to 'GLfloat'
     1>e:\mis documentos\visual studio 2012\projects\usb\2016\plantillaopengl01\plantillaopengl01\main.cpp(38): warning C4244: 'argument' : conversion from 'int' to 'GLfloat', possible loss of data
     1>e:\mis documentos\visual studio 2012\projects\usb\2016\plantillaopengl01\plantillaopengl01\main.cpp(40): warning C4244: 'argument' : conversion from 'int' to 'GLfloat', possible loss of data
     1>e:\mis documentos\visual studio 2012\projects\usb\2016\plantillaopengl01\plantillaopengl01\main.cpp(40): warning C4305: 'argument' : truncation from 'double' to 'GLfloat'
     1>e:\mis documentos\visual studio 2012\projects\usb\2016\plantillaopengl01\plantillaopengl01\main.cpp(41): warning C4244: 'argument' : conversion from 'int' to 'GLfloat', possible loss of data
     1>e:\mis documentos\visual studio 2012\projects\usb\2016\plantillaopengl01\plantillaopengl01\main.cpp(41): warning C4305: 'argument' : truncation from 'double' to 'GLfloat'
     1>e:\mis documentos\visual studio 2012\projects\usb\2016\plantillaopengl01\plantillaopengl01\main.cpp(67): warning C4244: '=' : conversion from 'float' to 'int', possible loss of data
     1>e:\mis documentos\visual studio 2012\projects\usb\2016\plantillaopengl01\plantillaopengl01\main.cpp(74): warning C4244: '=' : conversion from 'float' to 'int', possible loss of data
       Link:
         C:\Program Files (x86)\Microsoft Visual Studio 11.0\VC\bin\link.exe /ERRORREPORT:PROMPT /OUT:"E:\Mis Documentos\Visual Studio 2012\Projects\USB\2016\PlantillaOpenGL01\Debug\PlantillaOpenGL01.exe" /INCREMENTAL /NOLOGO /LIBPATH:"C:\Program Files (x86)\Windows Kits\8.1\Lib\winv6.3\um\x86" /LIBPATH:C:\dev\opengl\freeglut\lib /LIBPATH:"C:\dev\opengl\glew-1.7.0\lib" glew32.lib freeglut.lib kernel32.lib user32.lib gdi32.lib winspool.lib comdlg32.lib advapi32.lib shell32.lib ole32.lib oleaut32.lib uuid.lib odbc32.lib odbccp32.lib /MANIFEST /MANIFESTUAC:"level='asInvoker' uiAccess='false'" /manifest:embed /DEBUG /PDB:"E:\Mis Documentos\Visual Studio 2012\Projects\USB\2016\PlantillaOpenGL01\Debug\PlantillaOpenGL01.pdb" /SUBSYSTEM:CONSOLE /TLBID:1 /DYNAMICBASE /NXCOMPAT /IMPLIB:"E:\Mis Documentos\Visual Studio 2012\Projects\USB\2016\PlantillaOpenGL01\Debug\PlantillaOpenGL01.lib" /MACHINE:X86 Debug\main.obj
         PlantillaOpenGL01.vcxproj -> E:\Mis Documentos\Visual Studio 2012\Projects\USB\2016\PlantillaOpenGL01\Debug\PlantillaOpenGL01.exe
     1>Done Building Project "E:\Mis Documentos\Visual Studio 2012\Projects\USB\2016\PlantillaOpenGL01\PlantillaOpenGL01\PlantillaOpenGL01.vcxproj" (Build target(s)).

Build succeeded.

Time Elapsed 00:00:02.42
